<?xml version="1.0" encoding="UTF-8"?>
<!-- Generated by org.testng.reporters.JUnitXMLReporter -->
<testsuite ignored="0" hostname="Janejiras-Air" failures="0" tests="3" name="Default test" time="114.051" errors="0" timestamp="2022-04-05T21:24:45 EDT">
  <testcase classname="taylormadeskincareWebPage.BAU_TC305" name="Test1" time="33.56"/>
  <testcase classname="taylormadeskincareWebPage.BAU_TC305" name="test2" time="23.884"/>
  <testcase classname="taylormadeskincareWebPage.BAU_TC305" name="test3" time="30.225"/>
</testsuite> <!-- Default test -->
