<?xml version="1.0" encoding="UTF-8"?>
<!-- Generated by org.testng.reporters.JUnitXMLReporter -->
<testsuite ignored="2" hostname="Janejiras-Air" failures="0" tests="1" name="Default test" time="48.662" errors="0" timestamp="2022-04-13T20:16:57 EDT">
  <testcase classname="taylormadeskincareWebPage.BAU_TC305" name="test3" time="27.826"/>
  <testcase classname="taylormadeskincareWebPage.BAU_TC305" name="Test1" time="0.0">
    <ignored/>
  </testcase> <!-- Test1 -->
  <testcase classname="taylormadeskincareWebPage.BAU_TC305" name="test2" time="0.0">
    <ignored/>
  </testcase> <!-- test2 -->
</testsuite> <!-- Default test -->
