<?xml version="1.0" encoding="UTF-8"?>
<testng-results skipped="0" failed="0" ignored="0" total="1" passed="1">
  <reporter-output>
  </reporter-output>
  <suite name="Default suite" duration-ms="12145" started-at="2022-03-23T02:04:09 EDT" finished-at="2022-03-23T02:04:21 EDT">
    <groups>
    </groups>
    <test name="Default test" duration-ms="12145" started-at="2022-03-23T02:04:09 EDT" finished-at="2022-03-23T02:04:21 EDT">
      <class name="practice.DemoSite_Register">
        <test-method status="PASS" signature="setUp()[pri:0, instance:practice.DemoSite_Register@6a1aab78]" name="setUp" is-config="true" duration-ms="11342" started-at="2022-03-23T02:04:09 EDT" finished-at="2022-03-23T02:04:21 EDT">
          <reporter-output>
          </reporter-output>
        </test-method> <!-- setUp -->
        <test-method status="PASS" signature="register()[pri:0, instance:practice.DemoSite_Register@6a1aab78]" name="register" duration-ms="748" started-at="2022-03-23T02:04:21 EDT" finished-at="2022-03-23T02:04:21 EDT">
          <reporter-output>
          </reporter-output>
        </test-method> <!-- register -->
      </class> <!-- practice.DemoSite_Register -->
    </test> <!-- Default test -->
  </suite> <!-- Default suite -->
</testng-results>
