<?xml version="1.0" encoding="UTF-8"?>
<testng-results ignored="2" total="3" passed="1" failed="0" skipped="0">
  <reporter-output>
  </reporter-output>
  <suite started-at="2022-04-13T20:16:08 EDT" name="Default suite" finished-at="2022-04-13T20:16:57 EDT" duration-ms="48662">
    <groups>
    </groups>
    <test started-at="2022-04-13T20:16:08 EDT" name="Default test" finished-at="2022-04-13T20:16:57 EDT" duration-ms="48662">
      <class name="taylormadeskincareWebPage.BAU_TC305">
        <test-method is-config="true" signature="setUp()[pri:0, instance:taylormadeskincareWebPage.BAU_TC305@4a7f959b]" started-at="2022-04-13T20:16:08 EDT" name="setUp" finished-at="2022-04-13T20:16:29 EDT" duration-ms="20667" status="PASS">
          <reporter-output>
          </reporter-output>
        </test-method> <!-- setUp -->
        <test-method signature="test3()[pri:0, instance:taylormadeskincareWebPage.BAU_TC305@4a7f959b]" started-at="2022-04-13T20:16:29 EDT" name="test3" finished-at="2022-04-13T20:16:56 EDT" duration-ms="27826" status="PASS">
          <reporter-output>
          </reporter-output>
        </test-method> <!-- test3 -->
        <test-method is-config="true" signature="tearDown()[pri:0, instance:taylormadeskincareWebPage.BAU_TC305@4a7f959b]" started-at="2022-04-13T20:16:56 EDT" name="tearDown" finished-at="2022-04-13T20:16:57 EDT" duration-ms="108" status="PASS">
          <reporter-output>
          </reporter-output>
        </test-method> <!-- tearDown -->
      </class> <!-- taylormadeskincareWebPage.BAU_TC305 -->
    </test> <!-- Default test -->
  </suite> <!-- Default suite -->
</testng-results>
