<?xml version="1.0" encoding="UTF-8"?>
<testng-results skipped="0" failed="0" ignored="0" total="1" passed="1">
  <reporter-output>
  </reporter-output>
  <suite name="Default suite" duration-ms="16053" started-at="2022-03-20T04:04:27 EDT" finished-at="2022-03-20T04:04:43 EDT">
    <groups>
    </groups>
    <test name="Default test" duration-ms="16053" started-at="2022-03-20T04:04:27 EDT" finished-at="2022-03-20T04:04:43 EDT">
      <class name="practice.OpenGoogle">
        <test-method status="PASS" signature="setUp()[pri:0, instance:practice.OpenGoogle@462d5aee]" name="setUp" is-config="true" duration-ms="10637" started-at="2022-03-20T04:04:27 EDT" finished-at="2022-03-20T04:04:38 EDT">
          <reporter-output>
          </reporter-output>
        </test-method> <!-- setUp -->
        <test-method status="PASS" signature="test001()[pri:0, instance:practice.OpenGoogle@462d5aee]" name="test001" duration-ms="5167" started-at="2022-03-20T04:04:38 EDT" finished-at="2022-03-20T04:04:43 EDT">
          <reporter-output>
          </reporter-output>
        </test-method> <!-- test001 -->
        <test-method status="PASS" signature="tearDown()[pri:0, instance:practice.OpenGoogle@462d5aee]" name="tearDown" is-config="true" duration-ms="184" started-at="2022-03-20T04:04:43 EDT" finished-at="2022-03-20T04:04:43 EDT">
          <reporter-output>
          </reporter-output>
        </test-method> <!-- tearDown -->
      </class> <!-- practice.OpenGoogle -->
    </test> <!-- Default test -->
  </suite> <!-- Default suite -->
</testng-results>
