<?xml version="1.0" encoding="UTF-8"?>
<testng-results ignored="0" total="1" passed="1" failed="0" skipped="0">
  <reporter-output>
  </reporter-output>
  <suite started-at="2022-03-22T11:24:34 EDT" name="Default suite" finished-at="2022-03-22T11:24:40 EDT" duration-ms="6254">
    <groups>
    </groups>
    <test started-at="2022-03-22T11:24:34 EDT" name="Default test" finished-at="2022-03-22T11:24:40 EDT" duration-ms="6254">
      <class name="practice.DemoSite_Register">
        <test-method is-config="true" signature="setUp()[pri:0, instance:practice.DemoSite_Register@56cdfb3b]" started-at="2022-03-22T11:24:34 EDT" name="setUp" finished-at="2022-03-22T11:24:39 EDT" duration-ms="5122" status="PASS">
          <reporter-output>
          </reporter-output>
        </test-method> <!-- setUp -->
        <test-method signature="register()[pri:0, instance:practice.DemoSite_Register@56cdfb3b]" started-at="2022-03-22T11:24:39 EDT" name="register" finished-at="2022-03-22T11:24:40 EDT" duration-ms="343" status="PASS">
          <reporter-output>
          </reporter-output>
        </test-method> <!-- register -->
        <test-method is-config="true" signature="tearDown()[pri:0, instance:practice.DemoSite_Register@56cdfb3b]" started-at="2022-03-22T11:24:40 EDT" name="tearDown" finished-at="2022-03-22T11:24:40 EDT" duration-ms="730" status="PASS">
          <reporter-output>
          </reporter-output>
        </test-method> <!-- tearDown -->
      </class> <!-- practice.DemoSite_Register -->
    </test> <!-- Default test -->
  </suite> <!-- Default suite -->
</testng-results>
