<?xml version="1.0" encoding="UTF-8"?>
<testng-results ignored="0" total="1" passed="1" failed="0" skipped="0">
  <reporter-output>
  </reporter-output>
  <suite started-at="2022-03-19T17:32:33 EDT" name="Default suite" finished-at="2022-03-19T17:32:46 EDT" duration-ms="13070">
    <groups>
    </groups>
    <test started-at="2022-03-19T17:32:33 EDT" name="Default test" finished-at="2022-03-19T17:32:46 EDT" duration-ms="13070">
      <class name="practice.OpenGoogle">
        <test-method is-config="true" signature="setUp()[pri:0, instance:practice.OpenGoogle@1b1426f4]" started-at="2022-03-19T17:32:33 EDT" name="setUp" finished-at="2022-03-19T17:32:41 EDT" duration-ms="7631" status="PASS">
          <reporter-output>
          </reporter-output>
        </test-method> <!-- setUp -->
        <test-method signature="test001()[pri:0, instance:practice.OpenGoogle@1b1426f4]" started-at="2022-03-19T17:32:41 EDT" name="test001" finished-at="2022-03-19T17:32:46 EDT" duration-ms="5251" status="PASS">
          <reporter-output>
          </reporter-output>
        </test-method> <!-- test001 -->
        <test-method is-config="true" signature="tearDown()[pri:0, instance:practice.OpenGoogle@1b1426f4]" started-at="2022-03-19T17:32:46 EDT" name="tearDown" finished-at="2022-03-19T17:32:46 EDT" duration-ms="138" status="PASS">
          <reporter-output>
          </reporter-output>
        </test-method> <!-- tearDown -->
      </class> <!-- practice.OpenGoogle -->
    </test> <!-- Default test -->
  </suite> <!-- Default suite -->
</testng-results>
