<?xml version="1.0" encoding="UTF-8"?>
<testng-results ignored="0" total="3" passed="3" failed="0" skipped="0">
  <reporter-output>
  </reporter-output>
  <suite started-at="2022-04-05T21:22:51 EDT" name="Default suite" finished-at="2022-04-05T21:24:45 EDT" duration-ms="114051">
    <groups>
    </groups>
    <test started-at="2022-04-05T21:22:51 EDT" name="Default test" finished-at="2022-04-05T21:24:45 EDT" duration-ms="114051">
      <class name="taylormadeskincareWebPage.BAU_TC305">
        <test-method is-config="true" signature="setUp()[pri:0, instance:taylormadeskincareWebPage.BAU_TC305@4a7f959b]" started-at="2022-04-05T21:22:51 EDT" name="setUp" finished-at="2022-04-05T21:23:01 EDT" duration-ms="9717" status="PASS">
          <reporter-output>
          </reporter-output>
        </test-method> <!-- setUp -->
        <test-method signature="Test1()[pri:0, instance:taylormadeskincareWebPage.BAU_TC305@4a7f959b]" started-at="2022-04-05T21:23:01 EDT" name="Test1" finished-at="2022-04-05T21:23:34 EDT" duration-ms="33560" status="PASS">
          <reporter-output>
          </reporter-output>
        </test-method> <!-- Test1 -->
        <test-method is-config="true" signature="tearDown()[pri:0, instance:taylormadeskincareWebPage.BAU_TC305@4a7f959b]" started-at="2022-04-05T21:23:34 EDT" name="tearDown" finished-at="2022-04-05T21:23:35 EDT" duration-ms="91" status="PASS">
          <reporter-output>
          </reporter-output>
        </test-method> <!-- tearDown -->
        <test-method is-config="true" signature="setUp()[pri:0, instance:taylormadeskincareWebPage.BAU_TC305@4a7f959b]" started-at="2022-04-05T21:23:35 EDT" name="setUp" finished-at="2022-04-05T21:23:43 EDT" duration-ms="8601" status="PASS">
          <reporter-output>
          </reporter-output>
        </test-method> <!-- setUp -->
        <test-method signature="test2()[pri:0, instance:taylormadeskincareWebPage.BAU_TC305@4a7f959b]" started-at="2022-04-05T21:23:43 EDT" name="test2" finished-at="2022-04-05T21:24:07 EDT" duration-ms="23884" status="PASS">
          <reporter-output>
          </reporter-output>
        </test-method> <!-- test2 -->
        <test-method is-config="true" signature="tearDown()[pri:0, instance:taylormadeskincareWebPage.BAU_TC305@4a7f959b]" started-at="2022-04-05T21:24:07 EDT" name="tearDown" finished-at="2022-04-05T21:24:07 EDT" duration-ms="87" status="PASS">
          <reporter-output>
          </reporter-output>
        </test-method> <!-- tearDown -->
        <test-method is-config="true" signature="setUp()[pri:0, instance:taylormadeskincareWebPage.BAU_TC305@4a7f959b]" started-at="2022-04-05T21:24:07 EDT" name="setUp" finished-at="2022-04-05T21:24:15 EDT" duration-ms="7713" status="PASS">
          <reporter-output>
          </reporter-output>
        </test-method> <!-- setUp -->
        <test-method signature="test3()[pri:0, instance:taylormadeskincareWebPage.BAU_TC305@4a7f959b]" started-at="2022-04-05T21:24:15 EDT" name="test3" finished-at="2022-04-05T21:24:45 EDT" duration-ms="30225" status="PASS">
          <reporter-output>
          </reporter-output>
        </test-method> <!-- test3 -->
        <test-method is-config="true" signature="tearDown()[pri:0, instance:taylormadeskincareWebPage.BAU_TC305@4a7f959b]" started-at="2022-04-05T21:24:45 EDT" name="tearDown" finished-at="2022-04-05T21:24:45 EDT" duration-ms="101" status="PASS">
          <reporter-output>
          </reporter-output>
        </test-method> <!-- tearDown -->
      </class> <!-- taylormadeskincareWebPage.BAU_TC305 -->
    </test> <!-- Default test -->
  </suite> <!-- Default suite -->
</testng-results>
